<?xml version="1.0" encoding="UTF-8"?>
<testng-results skipped="0" failed="0" ignored="0" total="1" passed="1">
  <reporter-output>
  </reporter-output>
  <suite name="Default suite" duration-ms="66" started-at="2021-05-20T13:25:04 IST" finished-at="2021-05-20T13:25:04 IST">
    <groups>
    </groups>
    <test name="Default test" duration-ms="66" started-at="2021-05-20T13:25:04 IST" finished-at="2021-05-20T13:25:04 IST">
      <class name="com.log4j.Test1">
        <test-method status="PASS" signature="log4jdemo()[pri:0, instance:com.log4j.Test1@10d68fcd]" name="log4jdemo" duration-ms="19" started-at="2021-05-20T13:25:04 IST" finished-at="2021-05-20T13:25:04 IST">
          <reporter-output>
          </reporter-output>
        </test-method> <!-- log4jdemo -->
      </class> <!-- com.log4j.Test1 -->
    </test> <!-- Default test -->
  </suite> <!-- Default suite -->
</testng-results>
